<?xml version="1.0" encoding="UTF-8"?>
<Site BuildName="Linux-g++.exe"
	BuildStamp="20230520-1622-Experimental"
	Name="mgbddlt"
	Generator="ctest-3.16.3"
	CompilerName="/mnt/c/Users/user/gcc/bin/g++.exe"
	CompilerVersion=""
	OSName="Linux"
	Hostname="mgbddlt"
	OSRelease="5.10.16.3-microsoft-standard-WSL2"
	OSVersion="#1 SMP Fri Apr 2 22:23:49 UTC 2021"
	OSPlatform="x86_64"
	Is64Bits="1"
	VendorString="GenuineIntel"
	VendorID="Intel Corporation"
	FamilyID="6"
	ModelID="126"
	ProcessorCacheSize="6144"
	NumberOfLogicalCPU="8"
	NumberOfPhysicalCPU="4"
	TotalVirtualMemory="2048"
	TotalPhysicalMemory="6096"
	LogicalProcessorsPerPhysical="2"
	ProcessorClockFrequency="1190.4"
	>
	<Testing>
		<StartDateTime>May 20 23:23 +07</StartDateTime>
		<StartTestTime>1684599791</StartTestTime>
		<TestList>
			<Test>./testlab8-0</Test>
		</TestList>
		<Test Status="failed">
			<Name>testlab8-0</Name>
			<Path>.</Path>
			<FullName>./testlab8-0</FullName>
			<FullCommandLine>/home/mgbdd/template/lab8-0/test/testlab8-0 "./lab8-0"</FullCommandLine>
			<Results>
				<NamedMeasurement type="text/string" name="Exit Code">
					<Value>Failed</Value>
				</NamedMeasurement>
				<NamedMeasurement type="text/string" name="Exit Value">
					<Value>1</Value>
				</NamedMeasurement>
				<NamedMeasurement type="numeric/double" name="Execution Time">
					<Value>0.00986603</Value>
				</NamedMeasurement>
				<NamedMeasurement type="numeric/double" name="Processors">
					<Value>1</Value>
				</NamedMeasurement>
				<NamedMeasurement type="text/string" name="Completion Status">
					<Value>Completed</Value>
				</NamedMeasurement>
				<NamedMeasurement type="text/string" name="Command Line">
					<Value>/home/mgbdd/template/lab8-0/test/testlab8-0 "./lab8-0"</Value>
				</NamedMeasurement>
				<Measurement>
					<Value>
KOI FIT NSU Lab Tester (c) 2009-2020 by Evgueni Petrov

Testing Lab 8-x Kruskal or Prim Shortest Spanning Tree...
TEST 1/33: 
Executable file "./lab8-0" terminated with return code != 0

:-(

Executable file ./lab8-0 failed for input file in.txt in the current directory.
Please fix and try again.
</Value>
				</Measurement>
			</Results>
		</Test>
		<EndDateTime>May 20 23:23 +07</EndDateTime>
		<EndTestTime>1684599791</EndTestTime>
		<ElapsedMinutes>0</ElapsedMinutes>
	</Testing>
</Site>
